<?xml version="1.0" encoding="UTF-8"?>
<Site BuildName="(empty)"
	BuildStamp="20241017-1410-Experimental"
	Name="(empty)"
	Generator="ctest-3.28.3"
	CompilerName=""
	CompilerVersion=""
	OSName="Linux"
	Hostname="ezhsluny-730U3E-740U3E"
	OSRelease="6.8.0-45-generic"
	OSVersion="#45-Ubuntu SMP PREEMPT_DYNAMIC Fri Aug 30 12:02:04 UTC 2024"
	OSPlatform="x86_64"
	Is64Bits="1"
	VendorString="GenuineIntel"
	VendorID="Intel Corporation"
	FamilyID="6"
	ModelID="58"
	ProcessorCacheSize="3072"
	NumberOfLogicalCPU="4"
	NumberOfPhysicalCPU="2"
	TotalVirtualMemory="3799"
	TotalPhysicalMemory="3800"
	LogicalProcessorsPerPhysical="2"
	ProcessorClockFrequency="1980.79"
	>
	<Testing>
		<StartDateTime>Oct 17 21:12 +07</StartDateTime>
		<StartTestTime>1729174346</StartTestTime>
		<TestList/>
		<EndDateTime>Oct 17 21:12 +07</EndDateTime>
		<EndTestTime>1729174346</EndTestTime>
		<ElapsedMinutes>0</ElapsedMinutes>
	</Testing>
</Site>
