<?xml version="1.0" encoding="UTF-8"?>
<Site BuildName="(empty)"
	BuildStamp="20241028-0335-Experimental"
	Name="(empty)"
	Generator="ctest-3.28.3"
	CompilerName=""
	CompilerVersion=""
	OSName="Linux"
	Hostname="ezhsluny-730U3E-740U3E"
	OSRelease="6.8.0-47-generic"
	OSVersion="#47-Ubuntu SMP PREEMPT_DYNAMIC Fri Sep 27 21:40:26 UTC 2024"
	OSPlatform="x86_64"
	Is64Bits="1"
	VendorString="GenuineIntel"
	VendorID="Intel Corporation"
	FamilyID="6"
	ModelID="58"
	ProcessorCacheSize="3072"
	NumberOfLogicalCPU="4"
	NumberOfPhysicalCPU="2"
	TotalVirtualMemory="3799"
	TotalPhysicalMemory="3800"
	LogicalProcessorsPerPhysical="2"
	ProcessorClockFrequency="2494.38"
	>
	<Testing>
		<StartDateTime>Oct 28 10:35 +07</StartDateTime>
		<StartTestTime>1730086555</StartTestTime>
		<TestList/>
		<EndDateTime>Oct 28 10:35 +07</EndDateTime>
		<EndTestTime>1730086555</EndTestTime>
		<ElapsedMinutes>0</ElapsedMinutes>
	</Testing>
</Site>
